function showPic(whichpic){
    var source = whichpic.getAttribute('href');
    var placeholder = document.getElementById('placeholder');
    placeholder.setAttribute('src', source);
    var text = whichpic.getAttribute('title');
    var description = document.getElementById('description');
}
//
function getElementsByClassName(nodem classname){
    if(node.getElementsByClassName(){
        return node.getElementsByClassName(classname);
    }else{
        var results = new Array();
        var elems = node.getElementsByTagName("*");
        for(var i=0; i<elems.length; i++){
            if(elems[i].className.indexOf(classname) != -1){
                results[results.length] = elems[i];
            }
        }
        return results;
    }
}
