《锋利的jQuery(第2版)》
1.css选择器
1.1 标签选择器：以文档元素作为选择符
E{
  css规则
}
1.2 ID选择器：以文档元素的唯一标识符ID作为选择符
#ID{
   css规则
}
1.3 类选择器：以文档元素的clss作为选择符
E.className{
   css规则
}
1.4 群组选择器：多个选择符应用同样的样式规则
E1,E2,E3{
   css规则
}
1.5 后代选择器：元素E的任意后代元素F
E F{
   css规则
}
1.6 通配选择符：以文档的所有元素作为选择符
*{
   css规则
}
//example
<p syle="color:red;font-size:30px;">Css Demo</p>
//equal this below
<style>
.demo{
   color:red;
   font-size:30px;
}
</style>
<p class="demo">Css Demo</p>
//
example1:给所有的p标签添加onclick事件.
var items = document.getElementsByTagName('p');
for(var i = 0; i < items.length; i++){
    items[i].onclick = function(){
        //doing something.
    }
}
<table>
<tbody>
<tr><td>first line.</td><td>first line.</td></tr>
<tr><td>second line.</td><td>second line.</td></tr>
<tr><td>third line.</td><td>third line.</td></tr>
<tr><td>forth line.</td><td>forth line.</td></tr>
<tr><td>fivth line.</td><td>fivth line.</td></tr>
<tr><td>sixth line.</td><td>sixth line.</td></tr>
</tbody>
</table>
//
var item = document.getElementById('tb');
var tbody = item.getElementsByTagName('tbody')[0];
var trs = tbody.getElementsByTagName('tr');
for(var i = 0; i < trs.length; i++){
    if(i%2 == 0){
        trs[i].style.backgroundColor = '#888';
    }
}
//基本选择器
$("#one").css("background", "#bbffaa");
$(".mini").css("background", "#bbffaa");
$("div").css("background", "#bbffaa");
$("*").css("background", "#bbffaa");
$("span, #two").css("background", "#bbffaa");
//层次选择器
$('ancestro descendant')
$('parent>child')
$('prev+next')
$('prev~siblings')
//示例
$('body div').css('background', '#bbffaa');
$('body > div').css('background','#bbffaa');
$('.one + div').css('background','#bbffaa');
$('#two ~ div').css('background','#bbffaa');
$('.one + div') = $('.one').next('div');
$('#prev~div') = $('#prev').nextAll('div');
//过滤选择器
$('div:first').css('background','#bbffaa');
$('div:last').css('background','#bbffaa');
$('div:not(.one)').css('background','#bbffaa');
$('div:even').css('background','#bbffaa');
$('div:odd').css('background','#bbffaa');
$('div:eq(3)').css('background','#bbffaa');
$('div:gt(3)').css('background','#bbffaa');
$('div:lt(3)').css('background','#bbffaa');
$(':header').css('background','#bbffaa');
$(':animated').css('background','#bbffaa');
$(':focus').css('background','#bbffaa');
//内容过滤
$('div:contains(di)').css('background', '#bbffaa');
$('div:empty').css('background', '#bbffaa');
$('div:has(".mini")').css('background', '#bbffaa');
$('div:parent').css('background', '#bbffaa');
//
$('div:visible').css('background', '#FF6500');
$('div:hidden').show(3000);
//
$('div[title]').css('background', '#bbffaa');
$('div[title=test]').css('background', '#bbffaa');
$('div[title!=test]').css('background', '#bbffaa');
$('div[title^=te]').css('background', '#bbffaa');
$('div[title$=est]').css('background', '#bbffaa');
$('div[title*=es]').css('background', '#bbffaa');
$('div[id][title*=es]').css('background', '#bbffaa');
//
$('div[title^="en"]').css('background', '#bbffaa');
$('div[title*="en"]').css('background', '#bbffaa');
$('div[title|="en"]').css('background', '#bbffaa');
$('div[title~="uk"]').css('background', '#bbffaa');
//
$('div.one :nth-child(2)').css('background', '#bbffaa');
$('div.one :first-child').css('background', '#bbffaa');
$('div.one :last-child').css('background', '#bbffaa');
$('div.one :only-child').css('background', '#bbffaa');
